  Log.cpp
D:\CppProgram\Hazel\Hazel\src\Hazel\Log.h(1,1): warning C4828: 文件包含在偏移 0x1ee 处开始的字符，该字符在当前源字符集中无效(代码页 65001)。
D:\CppProgram\Hazel\Hazel\src\Hazel\Log.h(1,1): warning C4828: 文件包含在偏移 0x1f0 处开始的字符，该字符在当前源字符集中无效(代码页 65001)。
D:\CppProgram\Hazel\Hazel\src\Hazel\Log.h(1,1): warning C4828: 文件包含在偏移 0x1f1 处开始的字符，该字符在当前源字符集中无效(代码页 65001)。
D:\CppProgram\Hazel\Hazel\src\Hazel\Log.h(1,1): warning C4828: 文件包含在偏移 0x1f3 处开始的字符，该字符在当前源字符集中无效(代码页 65001)。
D:\CppProgram\Hazel\Hazel\src\Hazel\Log.h(1,1): warning C4828: 文件包含在偏移 0x1f5 处开始的字符，该字符在当前源字符集中无效(代码页 65001)。
D:\CppProgram\Hazel\Hazel\src\Hazel\Log.h(1,1): warning C4828: 文件包含在偏移 0x1f6 处开始的字符，该字符在当前源字符集中无效(代码页 65001)。
D:\CppProgram\Hazel\Hazel\src\Hazel\Log.h(1,1): warning C4828: 文件包含在偏移 0x1f7 处开始的字符，该字符在当前源字符集中无效(代码页 65001)。
D:\CppProgram\Hazel\Hazel\src\Hazel\Log.h(1,1): warning C4828: 文件包含在偏移 0x386 处开始的字符，该字符在当前源字符集中无效(代码页 65001)。
D:\CppProgram\Hazel\Hazel\src\Hazel\Log.h(1,1): warning C4828: 文件包含在偏移 0x389 处开始的字符，该字符在当前源字符集中无效(代码页 65001)。
D:\CppProgram\Hazel\Hazel\src\Hazel\Log.h(1,1): warning C4828: 文件包含在偏移 0x38a 处开始的字符，该字符在当前源字符集中无效(代码页 65001)。
D:\CppProgram\Hazel\Hazel\src\Hazel\Log.h(1,1): warning C4828: 文件包含在偏移 0x38b 处开始的字符，该字符在当前源字符集中无效(代码页 65001)。
D:\CppProgram\Hazel\Hazel\src\Hazel\Log.h(1,1): warning C4828: 文件包含在偏移 0x38d 处开始的字符，该字符在当前源字符集中无效(代码页 65001)。
D:\CppProgram\Hazel\Hazel\src\Hazel\Log.h(1,1): warning C4828: 文件包含在偏移 0x38f 处开始的字符，该字符在当前源字符集中无效(代码页 65001)。
D:\CppProgram\Hazel\Hazel\src\Hazel\Log.h(1,1): warning C4828: 文件包含在偏移 0x390 处开始的字符，该字符在当前源字符集中无效(代码页 65001)。
D:\CppProgram\Hazel\Hazel\src\Hazel\Log.h(1,1): warning C4828: 文件包含在偏移 0x391 处开始的字符，该字符在当前源字符集中无效(代码页 65001)。
D:\CppProgram\Hazel\Hazel\src\Hazel\Log.h(18,42): warning C4251: “Hazel::Log::s_CoreLogger”: class“std::shared_ptr<spdlog::logger>”需要有 dll 接口由 class“Hazel::Log”的客户端使用
D:\CppProgram\Hazel\Hazel\vendor\spdlog\include\spdlog\details\registry.h(33): message : 参见“std::shared_ptr<spdlog::logger>”的声明
D:\CppProgram\Hazel\Hazel\src\Hazel\Log.h(19,42): warning C4251: “Hazel::Log::s_ClientLogger”: class“std::shared_ptr<spdlog::logger>”需要有 dll 接口由 class“Hazel::Log”的客户端使用
D:\CppProgram\Hazel\Hazel\vendor\spdlog\include\spdlog\details\registry.h(33): message : 参见“std::shared_ptr<spdlog::logger>”的声明
  Hazel.vcxproj -> D:\CppProgram\Hazel\bin\Debug-x64\Hazel\Hazel.dll
